<beans xmlns="http://www.springframework.org/schema/beans"
       xmlns:xsi="http://www.w3.org/2001/XMLSchema-instance"
       xmlns:context="http://www.springframework.org/schema/context"
       xsi:schemaLocation="http://www.springframework.org/schema/beans 
           http://www.springframework.org/schema/beans/spring-beans-3.0.xsd
           http://www.springframework.org/schema/context
           http://www.springframework.org/schema/context/spring-context-3.0.xsd">
         
<!-- <import resource="/../test-factory.xml"/> -->

<!-- Factory bean registration start -->

<!-- <bean id="carBuilderFactory" class="test.factory.bean.CarBuilderBean">

<property name="year" value="2019"/>
</bean>

<bean id="person" class="test.factory.bean.Person" p:car-ref="carBuilderFactory"/>
 -->
<!-- Factory bean registration end -->

<bean id="personTest" class="test.factory.bean.Person">
</bean>

<bean id="car2" class ="test.factory.bean.Car">
<qualifier value="bus"/>
</bean> 
<context:annotation-config/>

</beans>      